src/vi/matodex/build/outputs/mapping/release/mapping.txt
# compiler: R8
# compiler_version: 9.2.14
# min_api: 21
# common_typos_disable
# {"id":"com.android.tools.r8.mapping","version":"2.2"}
# pg_map_id: 2a76b39e896d4bc8549a65a621ab82aee72734206a2d9d89a429d432b53637cc
# pg_map_hash: SHA-256 2a76b39e896d4bc8549a65a621ab82aee72734206a2d9d89a429d432b53637cc
...
eu.kanade.tachiyomi.extension.vi.matodex.MatoDex$chapterListParse$$inlined$sortedByDescending$1 -> k:
# {"id":"sourceFile","fileName":"Comparisons.kt"}
    1:4:void <init>():0:0 -> <init>
    1:2:int compare(java.lang.Object,java.lang.Object):121:121 -> compare
    3:10:int compare(java.lang.Object,java.lang.Object):329:329 -> compare
    11:12:int compare(java.lang.Object,java.lang.Object):121:121 -> compare
    13:20:int compare(java.lang.Object,java.lang.Object):329:329 -> compare
    21:25:int compare(java.lang.Object,java.lang.Object):121:121 -> compare
eu.kanade.tachiyomi.extension.vi.matodex.MatoDexKt -> l:
# {"id":"sourceFile","fileName":"MatoDex.kt"}
    java.util.List directSearchAliases -> a
    1:2:void <clinit>():102:102 -> <clinit>
    3:24:void <clinit>():103:103 -> <clinit>
    25:31:void <clinit>():93:93 -> <clinit>
    1:3:java.util.List access$getDirectSearchAliases$p():1:1 -> a
eu.kanade.tachiyomi.extension.vi.matodex.MatoInfoDto -> p:
# {"id":"sourceFile","fileName":"Dto.kt"}
    eu.kanade.tachiyomi.extension.vi.matodex.MatoInfoDto$Companion Companion -> Companion
      # {"id":"com.android.tools.r8.residualsignature","signature":"Lo;"}
    java.lang.String title -> a
    java.util.List altTitles -> b
    java.lang.String cover -> c
    java.lang.String status -> d
    java.lang.String description -> e
    int chapterCount -> f
    kotlin.Lazy[] $childSerializers -> g
    9:43:void <clinit>():15:15 -> <clinit>
    1:1:void <init>(int,java.lang.String,java.util.List,java.lang.String,java.lang.String,java.lang.String,int,kotlinx.serialization.internal.SerializationConstructorMarker):15:15 -> <init>
    2:2:void <init>(int,java.lang.String,java.util.List,java.lang.String,java.lang.String,java.lang.String,int,kotlinx.serialization.internal.SerializationConstructorMarker):18:18 -> <init>
    3:3:void <init>(int,java.lang.String,java.util.List,java.lang.String,java.lang.String,java.lang.String,int,kotlinx.serialization.internal.SerializationConstructorMarker):15:15 -> <init>
    1:5:kotlinx.serialization.KSerializer MatoInfoDto.$r8$lambda$Z2zfTm6JgsV8PpvlVC2puV3Q7J8():0:0 -> a
      # {"id":"com.android.tools.r8.synthesized"}
    1:8:kotlinx.serialization.KSerializer MatoInfoDto._childSerializers$_anonymous_():0:0 -> b
      # {"id":"com.android.tools.r8.synthesized"}
    1:3:kotlin.Lazy[] access$get$childSerializers$cp():15:15 -> c
eu.kanade.tachiyomi.extension.vi.matodex.MatoInfoDto$$ExternalSyntheticLambda0 -> m:
# {"id":"sourceFile","fileName":"R8$$SyntheticClass"}
# {"id":"com.android.tools.r8.synthesized"}
    1:4:void MatoInfoDto$$ExternalSyntheticLambda0.<init>():0:0 -> <init>
      # {"id":"com.android.tools.r8.synthesized"}
    1:5:java.lang.Object MatoInfoDto$$ExternalSyntheticLambda0.invoke():0:0 -> invoke
      # {"id":"com.android.tools.r8.synthesized"}