src/vi/matodex/build/outputs/mapping/release/usage.txt
eu.kanade.tachiyomi.extension.BuildConfig
eu.kanade.tachiyomi.extension.R$mipmap
eu.kanade.tachiyomi.extension.R
eu.kanade.tachiyomi.extension.vi.matodex.DtoKt:
    private static final java.lang.String AUTHOR
    private static final java.lang.String MANGA_URL
eu.kanade.tachiyomi.extension.vi.matodex.MatoChapterDto:
    public void <init>(java.lang.String,java.lang.String,double,java.lang.String)
    public final java.lang.String getId()
eu.kanade.tachiyomi.extension.vi.matodex.MatoChapterPayloadDto:
    public void <init>(java.util.List)
eu.kanade.tachiyomi.extension.vi.matodex.MatoInfoDto:
    public void <init>(java.lang.String,java.util.List,java.lang.String,java.lang.String,java.lang.String,int)
    public synthetic void <init>(java.lang.String,java.util.List,java.lang.String,java.lang.String,java.lang.String,int,int,kotlin.jvm.internal.DefaultConstructorMarker)
    public final java.lang.String getTitle()
keiyoushi.core.R$mipmap
keiyoushi.core.R
keiyoushi.network.RateLimitBuilder:
    public synthetic void <init>(okhttp3.OkHttpClient$Builder,java.util.List,int,kotlin.jvm.internal.DefaultConstructorMarker)
    public final keiyoushi.network.RateLimitBuilder rateLimit-vLdBGDU(int,long,long,kotlin.jvm.functions.Function1)
    public static synthetic keiyoushi.network.RateLimitBuilder rateLimit-vLdBGDU$default(keiyoushi.network.RateLimitBuilder,int,long,long,kotlin.jvm.functions.Function1,int,java.lang.Object)
    private static final boolean rateLimit_vLdBGDU$lambda$0(okhttp3.HttpUrl)
keiyoushi.network.RateLimitInterceptor$RateLimitTag:
    public void <init>()
keiyoushi.utils.CollectionsKt
keiyoushi.utils.ContextKt$special$$inlined$get$1:
    void <init>()
keiyoushi.utils.ContextKt
keiyoushi.utils.CryptoKt
keiyoushi.utils.GraphQLErrorInterceptor
keiyoushi.utils.GraphQLException
keiyoushi.utils.GraphQLKt$parseGraphQLAs$1
keiyoushi.utils.GraphQLKt$parseGraphQLAs$2
keiyoushi.utils.GraphQLKt
keiyoushi.utils.GraphQLRequest$$serializer
keiyoushi.utils.GraphQLRequest$Companion
keiyoushi.utils.GraphQLRequest
keiyoushi.utils.GraphQLResponse$$serializer
keiyoushi.utils.GraphQLResponse$Companion
keiyoushi.utils.GraphQLResponse$GraphQLError$$serializer
keiyoushi.utils.GraphQLResponse$GraphQLError$Companion
keiyoushi.utils.GraphQLResponse$GraphQLError
keiyoushi.utils.GraphQLResponse
keiyoushi.utils.JsonKt:
    public static final okhttp3.MediaType getJSON_MEDIA_TYPE()
    public static final synthetic java.lang.Object parseAs(java.io.InputStream,kotlinx.serialization.json.Json)
    public static final synthetic java.lang.Object parseAs(java.lang.String,kotlinx.serialization.json.Json)
    public static final synthetic java.lang.Object parseAs(java.lang.String,kotlinx.serialization.json.Json,kotlin.jvm.functions.Function1)
    public static final synthetic java.lang.Object parseAs(kotlinx.serialization.json.JsonElement,kotlinx.serialization.json.Json)
    public static final synthetic java.lang.Object parseAs(okhttp3.Response,kotlinx.serialization.json.Json)
    public static final synthetic java.lang.Object parseAs(okhttp3.Response,kotlinx.serialization.json.Json,kotlin.jvm.functions.Function1)
    public static synthetic java.lang.Object parseAs$default(java.io.InputStream,kotlinx.serialization.json.Json,int,java.lang.Object)
    public static synthetic java.lang.Object parseAs$default(java.lang.String,kotlinx.serialization.json.Json,int,java.lang.Object)
    public static synthetic java.lang.Object parseAs$default(java.lang.String,kotlinx.serialization.json.Json,kotlin.jvm.functions.Function1,int,java.lang.Object)
    public static synthetic java.lang.Object parseAs$default(kotlinx.serialization.json.JsonElement,kotlinx.serialization.json.Json,int,java.lang.Object)
keiyoushi.utils.NextJsKt$inferredNextJsPredicate$2
keiyoushi.utils.NextJsKt$inferredNextJsPredicate$3
keiyoushi.utils.NextJsKt
keiyoushi.utils.PersistedQueryExtension$$serializer
keiyoushi.utils.PersistedQueryExtension$Companion